<?xml version="1.0" encoding="UTF-8"?>
<!-- Generated by org.testng.reporters.JUnitXMLReporter -->
<testsuite ignored="3" hostname="Asha" failures="2" tests="2" name="Login Page Test" time="0.504" errors="0" timestamp="2023-12-10T03:34:03 GMT">
  <testcase classname="testsuite.com.mastercopy.demo.LoginPageTest" name="userShouldNavigateToLoginPageSuccessFully" time="0.029">
    <failure type="java.lang.NullPointerException" message="Cannot invoke &amp;quot;gov.uk.check.visa.pages.StartPage.clickOnLoginLink()&amp;quot; because &amp;quot;this.homePage&amp;quot; is null">
      <![CDATA[java.lang.NullPointerException: Cannot invoke "gov.uk.check.visa.pages.StartPage.clickOnLoginLink()" because "this.homePage" is null
at testsuite.com.mastercopy.demo.LoginPageTest.userShouldNavigateToLoginPageSuccessFully(LoginPageTest.java:59)
at java.base/java.util.ArrayList.forEach(ArrayList.java:1511)
at com.intellij.rt.testng.IDEARemoteTestNG.run(IDEARemoteTestNG.java:66)
at com.intellij.rt.testng.RemoteTestNGStarter.main(RemoteTestNGStarter.java:105)
... Removed 24 stack frames]]>
    </failure>
  </testcase> <!-- userShouldNavigateToLoginPageSuccessFully -->
  <testcase classname="testsuite.com.mastercopy.demo.LoginPageTest" name="userShouldNavigateToLoginPageSuccessFully" time="0.084">
    <failure type="java.lang.NullPointerException" message="Cannot invoke &amp;quot;org.openqa.selenium.TakesScreenshot.getScreenshotAs(org.openqa.selenium.OutputType)&amp;quot; because &amp;quot;screenshot&amp;quot; is null">
        <![CDATA[java.lang.NullPointerException: Cannot invoke "org.openqa.selenium.TakesScreenshot.getScreenshotAs(org.openqa.selenium.OutputType)" because "screenshot" is null
at gov.uk.check.visa.utility.Utility.takeScreenShot(Utility.java:432)
at gov.uk.check.visa.customlisteners.CustomListeners.onTestFailure(CustomListeners.java:34)
at java.base/java.util.ArrayList.forEach(ArrayList.java:1511)
at com.intellij.rt.testng.IDEARemoteTestNG.run(IDEARemoteTestNG.java:66)
at com.intellij.rt.testng.RemoteTestNGStarter.main(RemoteTestNGStarter.java:105)
... Removed 21 stack frames]]>
    </failure>
  </testcase> <!-- userShouldNavigateToLoginPageSuccessFully -->
  <testcase classname="testsuite.com.mastercopy.demo.LoginPageTest" name="verifyThatUserShouldLogInSuccessFullyWithValidCredentials" time="0.0">
    <ignored/>
  </testcase> <!-- verifyThatUserShouldLogInSuccessFullyWithValidCredentials -->
  <testcase classname="testsuite.com.mastercopy.demo.LoginPageTest" name="verifyThatUserShouldLogOutSuccessFully" time="0.0">
    <ignored/>
  </testcase> <!-- verifyThatUserShouldLogOutSuccessFully -->
  <testcase classname="testsuite.com.mastercopy.demo.LoginPageTest" name="verifyTheErrorMessageWithInValidCredentials" time="0.0">
    <ignored/>
  </testcase> <!-- verifyTheErrorMessageWithInValidCredentials -->
</testsuite> <!-- Login Page Test -->
